Library/Bee/Android/Prj/Mono2x/Gradle/unityLibrary/build/intermediates/manifest_merge_blame_file/release/manifest-merger-blame-release-report.txt
1<?xml version="1.0" encoding="utf-8"?>
2<manifest xmlns:android="http://schemas.android.com/apk/res/android"
3    xmlns:tools="http://schemas.android.com/tools"
4    package="com.unity3d.player" >
5
6    <uses-sdk
7        android:minSdkVersion="22"
7-->src/main/AndroidManifest.xml
8        android:targetSdkVersion="32" />
8-->src/main/AndroidManifest.xml
9
10    <uses-permission android:name="android.permission.INTERNET" />
10-->src/main/AndroidManifest.xml:3:3-65
10-->src/main/AndroidManifest.xml:3:20-62
11
12    <uses-feature android:glEsVersion="0x00030000" />
12-->src/main/AndroidManifest.xml:4:3-52
12-->src/main/AndroidManifest.xml:4:17-49
13    <uses-feature
13-->src/main/AndroidManifest.xml:5:3-91
14        android:name="android.hardware.vulkan.version"
14-->src/main/AndroidManifest.xml:5:17-63
15        android:required="false" />
15-->src/main/AndroidManifest.xml:5:64-88
16    <uses-feature
16-->src/main/AndroidManifest.xml:6:3-97
17        android:name="android.hardware.sensor.accelerometer"
17-->src/main/AndroidManifest.xml:6:17-69
18        android:required="false" />
18-->src/main/AndroidManifest.xml:6:70-94
19    <uses-feature
19-->src/main/AndroidManifest.xml:7:3-88
20        android:name="android.hardware.touchscreen"
20-->src/main/AndroidManifest.xml:7:17-60
21        android:required="false" />
21-->src/main/AndroidManifest.xml:7:61-85
22    <uses-feature
22-->src/main/AndroidManifest.xml:8:3-99
23        android:name="android.hardware.touchscreen.multitouch"
23-->src/main/AndroidManifest.xml:8:17-71
24        android:required="false" />
24-->src/main/AndroidManifest.xml:8:72-96
25    <uses-feature
25-->src/main/AndroidManifest.xml:9:3-108
26        android:name="android.hardware.touchscreen.multitouch.distinct"
26-->src/main/AndroidManifest.xml:9:17-80
27        android:required="false" />
27-->src/main/AndroidManifest.xml:9:81-105
28
29    <uses-permission android:name="android.permission.POST_NOTIFICATIONS" />
29-->src/main/AndroidManifest.xml:33:3-75
29-->src/main/AndroidManifest.xml:33:20-72
30
31    <application android:extractNativeLibs="true" >
31-->src/main/AndroidManifest.xml:10:3-32:17
31-->src/main/AndroidManifest.xml:10:16-48
32        <meta-data
32-->src/main/AndroidManifest.xml:11:5-69
33            android:name="unity.splash-mode"
33-->src/main/AndroidManifest.xml:11:16-48
34            android:value="0" />
34-->src/main/AndroidManifest.xml:11:49-66
35        <meta-data
35-->src/main/AndroidManifest.xml:12:5-74
36            android:name="unity.splash-enable"
36-->src/main/AndroidManifest.xml:12:16-50
37            android:value="True" />
37-->src/main/AndroidManifest.xml:12:51-71
38        <meta-data
38-->src/main/AndroidManifest.xml:13:5-78
39            android:name="unity.launch-fullscreen"
39-->src/main/AndroidManifest.xml:13:16-54
40            android:value="True" />
40-->src/main/AndroidManifest.xml:13:55-75
41        <meta-data
41-->src/main/AndroidManifest.xml:14:5-84
42            android:name="unity.allow-resizable-window"
42-->src/main/AndroidManifest.xml:14:16-59
43            android:value="False" />
43-->src/main/AndroidManifest.xml:14:60-81
44        <meta-data
44-->src/main/AndroidManifest.xml:15:5-81
45            android:name="notch.config"
45-->src/main/AndroidManifest.xml:15:16-43
46            android:value="portrait|landscape" />
46-->src/main/AndroidManifest.xml:15:44-78
47        <meta-data
47-->src/main/AndroidManifest.xml:16:5-84
48            android:name="unity.auto-report-fully-drawn"
48-->src/main/AndroidManifest.xml:16:16-60
49            android:value="true" />
49-->src/main/AndroidManifest.xml:16:61-81
50
51        <activity
51-->src/main/AndroidManifest.xml:17:5-24:16
52            android:name="com.unity3d.player.UnityPlayerActivity"
52-->src/main/AndroidManifest.xml:17:15-68
53            android:configChanges="mcc|mnc|locale|touchscreen|keyboard|keyboardHidden|navigation|orientation|screenLayout|uiMode|screenSize|smallestScreenSize|fontScale|layoutDirection|density"
53-->src/main/AndroidManifest.xml:17:181-362
54            android:exported="true"
54-->src/main/AndroidManifest.xml:17:434-457
55            android:hardwareAccelerated="false"
55-->src/main/AndroidManifest.xml:17:398-433
56            android:launchMode="singleTask"
56-->src/main/AndroidManifest.xml:17:149-180
57            android:resizeableActivity="false"
57-->src/main/AndroidManifest.xml:17:363-397
58            android:screenOrientation="landscape"
58-->src/main/AndroidManifest.xml:17:111-148
59            android:theme="@style/UnityThemeSelector" >
59-->src/main/AndroidManifest.xml:17:69-110
60            <intent-filter>
60-->src/main/AndroidManifest.xml:18:7-21:23
61                <category android:name="android.intent.category.LAUNCHER" />
61-->src/main/AndroidManifest.xml:19:9-69
61-->src/main/AndroidManifest.xml:19:19-66
62
63                <action android:name="android.intent.action.MAIN" />
63-->src/main/AndroidManifest.xml:20:9-61
63-->src/main/AndroidManifest.xml:20:17-58
64            </intent-filter>
65
66            <meta-data
66-->src/main/AndroidManifest.xml:22:7-82
67                android:name="unityplayer.UnityActivity"
67-->src/main/AndroidManifest.xml:22:18-58
68                android:value="true" />
68-->src/main/AndroidManifest.xml:22:59-79
69            <meta-data
69-->src/main/AndroidManifest.xml:23:7-70
70                android:name="notch_support"
70-->src/main/AndroidManifest.xml:23:18-46
71                android:value="true" />
71-->src/main/AndroidManifest.xml:23:47-67
72        </activity>
73
74        <receiver
74-->src/main/AndroidManifest.xml:25:5-113
75            android:name="com.unity.androidnotifications.UnityNotificationManager"
75-->src/main/AndroidManifest.xml:25:15-85
76            android:exported="false" />
76-->src/main/AndroidManifest.xml:25:86-110
77        <receiver
77-->src/main/AndroidManifest.xml:26:5-30:16
78            android:name="com.unity.androidnotifications.UnityNotificationRestartOnBootReceiver"
78-->src/main/AndroidManifest.xml:26:15-99
79            android:enabled="false"
79-->src/main/AndroidManifest.xml:26:100-123
80            android:exported="false" >
80-->src/main/AndroidManifest.xml:26:124-148
81            <intent-filter>
81-->src/main/AndroidManifest.xml:27:7-29:23
82                <action android:name="android.intent.action.BOOT_COMPLETED" />
82-->src/main/AndroidManifest.xml:28:9-71
82-->src/main/AndroidManifest.xml:28:17-68
83            </intent-filter>
84        </receiver>
85
86        <meta-data
86-->src/main/AndroidManifest.xml:31:5-99
87            android:name="com.unity.androidnotifications.exact_scheduling"
87-->src/main/AndroidManifest.xml:31:16-78
88            android:value="0" />
88-->src/main/AndroidManifest.xml:31:79-96
89    </application>
90
91</manifest>